ARM GAS  /tmp/ccyLhueT.s 			page 1


   1              		.cpu cortex-m4
   2              		.arch armv7e-m
   3              		.fpu fpv4-sp-d16
   4              		.eabi_attribute 27, 1
   5              		.eabi_attribute 28, 1
   6              		.eabi_attribute 20, 1
   7              		.eabi_attribute 21, 1
   8              		.eabi_attribute 23, 3
   9              		.eabi_attribute 24, 1
  10              		.eabi_attribute 25, 1
  11              		.eabi_attribute 26, 1
  12              		.eabi_attribute 30, 1
  13              		.eabi_attribute 34, 1
  14              		.eabi_attribute 18, 4
  15              		.file	"stm32l4xx_hal_msp.c"
  16              		.text
  17              	.Ltext0:
  18              		.cfi_sections	.debug_frame
  19              		.file 1 "Core/Src/stm32l4xx_hal_msp.c"
  20              		.section	.text.HAL_MspInit,"ax",%progbits
  21              		.align	1
  22              		.global	HAL_MspInit
  23              		.syntax unified
  24              		.thumb
  25              		.thumb_func
  27              	HAL_MspInit:
  28              	.LFB132:
   1:Core/Src/stm32l4xx_hal_msp.c **** /* USER CODE BEGIN Header */
   2:Core/Src/stm32l4xx_hal_msp.c **** /**
   3:Core/Src/stm32l4xx_hal_msp.c ****   ******************************************************************************
   4:Core/Src/stm32l4xx_hal_msp.c ****   * @file         stm32l4xx_hal_msp.c
   5:Core/Src/stm32l4xx_hal_msp.c ****   * @brief        This file provides code for the MSP Initialization
   6:Core/Src/stm32l4xx_hal_msp.c ****   *               and de-Initialization codes.
   7:Core/Src/stm32l4xx_hal_msp.c ****   ******************************************************************************
   8:Core/Src/stm32l4xx_hal_msp.c ****   * @attention
   9:Core/Src/stm32l4xx_hal_msp.c ****   *
  10:Core/Src/stm32l4xx_hal_msp.c ****   * Copyright (c) 2024 STMicroelectronics.
  11:Core/Src/stm32l4xx_hal_msp.c ****   * All rights reserved.
  12:Core/Src/stm32l4xx_hal_msp.c ****   *
  13:Core/Src/stm32l4xx_hal_msp.c ****   * This software is licensed under terms that can be found in the LICENSE file
  14:Core/Src/stm32l4xx_hal_msp.c ****   * in the root directory of this software component.
  15:Core/Src/stm32l4xx_hal_msp.c ****   * If no LICENSE file comes with this software, it is provided AS-IS.
  16:Core/Src/stm32l4xx_hal_msp.c ****   *
  17:Core/Src/stm32l4xx_hal_msp.c ****   ******************************************************************************
  18:Core/Src/stm32l4xx_hal_msp.c ****   */
  19:Core/Src/stm32l4xx_hal_msp.c **** /* USER CODE END Header */
  20:Core/Src/stm32l4xx_hal_msp.c **** 
  21:Core/Src/stm32l4xx_hal_msp.c **** /* Includes ------------------------------------------------------------------*/
  22:Core/Src/stm32l4xx_hal_msp.c **** #include "main.h"
  23:Core/Src/stm32l4xx_hal_msp.c **** /* USER CODE BEGIN Includes */
  24:Core/Src/stm32l4xx_hal_msp.c **** 
  25:Core/Src/stm32l4xx_hal_msp.c **** /* USER CODE END Includes */
  26:Core/Src/stm32l4xx_hal_msp.c **** 
  27:Core/Src/stm32l4xx_hal_msp.c **** /* Private typedef -----------------------------------------------------------*/
  28:Core/Src/stm32l4xx_hal_msp.c **** /* USER CODE BEGIN TD */
  29:Core/Src/stm32l4xx_hal_msp.c **** 
  30:Core/Src/stm32l4xx_hal_msp.c **** /* USER CODE END TD */
ARM GAS  /tmp/ccyLhueT.s 			page 2


  31:Core/Src/stm32l4xx_hal_msp.c **** 
  32:Core/Src/stm32l4xx_hal_msp.c **** /* Private define ------------------------------------------------------------*/
  33:Core/Src/stm32l4xx_hal_msp.c **** /* USER CODE BEGIN Define */
  34:Core/Src/stm32l4xx_hal_msp.c **** 
  35:Core/Src/stm32l4xx_hal_msp.c **** /* USER CODE END Define */
  36:Core/Src/stm32l4xx_hal_msp.c **** 
  37:Core/Src/stm32l4xx_hal_msp.c **** /* Private macro -------------------------------------------------------------*/
  38:Core/Src/stm32l4xx_hal_msp.c **** /* USER CODE BEGIN Macro */
  39:Core/Src/stm32l4xx_hal_msp.c **** 
  40:Core/Src/stm32l4xx_hal_msp.c **** /* USER CODE END Macro */
  41:Core/Src/stm32l4xx_hal_msp.c **** 
  42:Core/Src/stm32l4xx_hal_msp.c **** /* Private variables ---------------------------------------------------------*/
  43:Core/Src/stm32l4xx_hal_msp.c **** /* USER CODE BEGIN PV */
  44:Core/Src/stm32l4xx_hal_msp.c **** 
  45:Core/Src/stm32l4xx_hal_msp.c **** /* USER CODE END PV */
  46:Core/Src/stm32l4xx_hal_msp.c **** 
  47:Core/Src/stm32l4xx_hal_msp.c **** /* Private function prototypes -----------------------------------------------*/
  48:Core/Src/stm32l4xx_hal_msp.c **** /* USER CODE BEGIN PFP */
  49:Core/Src/stm32l4xx_hal_msp.c **** 
  50:Core/Src/stm32l4xx_hal_msp.c **** /* USER CODE END PFP */
  51:Core/Src/stm32l4xx_hal_msp.c **** 
  52:Core/Src/stm32l4xx_hal_msp.c **** /* External functions --------------------------------------------------------*/
  53:Core/Src/stm32l4xx_hal_msp.c **** /* USER CODE BEGIN ExternalFunctions */
  54:Core/Src/stm32l4xx_hal_msp.c **** 
  55:Core/Src/stm32l4xx_hal_msp.c **** /* USER CODE END ExternalFunctions */
  56:Core/Src/stm32l4xx_hal_msp.c **** 
  57:Core/Src/stm32l4xx_hal_msp.c **** /* USER CODE BEGIN 0 */
  58:Core/Src/stm32l4xx_hal_msp.c **** 
  59:Core/Src/stm32l4xx_hal_msp.c **** /* USER CODE END 0 */
  60:Core/Src/stm32l4xx_hal_msp.c **** /**
  61:Core/Src/stm32l4xx_hal_msp.c ****   * Initializes the Global MSP.
  62:Core/Src/stm32l4xx_hal_msp.c ****   */
  63:Core/Src/stm32l4xx_hal_msp.c **** void HAL_MspInit(void)
  64:Core/Src/stm32l4xx_hal_msp.c **** {
  29              		.loc 1 64 1 view -0
  30              		.cfi_startproc
  31              		@ args = 0, pretend = 0, frame = 8
  32              		@ frame_needed = 0, uses_anonymous_args = 0
  33              		@ link register save eliminated.
  34 0000 82B0     		sub	sp, sp, #8
  35              		.cfi_def_cfa_offset 8
  65:Core/Src/stm32l4xx_hal_msp.c **** 
  66:Core/Src/stm32l4xx_hal_msp.c ****   /* USER CODE BEGIN MspInit 0 */
  67:Core/Src/stm32l4xx_hal_msp.c **** 
  68:Core/Src/stm32l4xx_hal_msp.c ****   /* USER CODE END MspInit 0 */
  69:Core/Src/stm32l4xx_hal_msp.c **** 
  70:Core/Src/stm32l4xx_hal_msp.c ****   __HAL_RCC_SYSCFG_CLK_ENABLE();
  36              		.loc 1 70 3 view .LVU1
  37              	.LBB2:
  38              		.loc 1 70 3 view .LVU2
  39              		.loc 1 70 3 view .LVU3
  40 0002 0A4B     		ldr	r3, .L3
  41 0004 1A6E     		ldr	r2, [r3, #96]
  42 0006 42F00102 		orr	r2, r2, #1
  43 000a 1A66     		str	r2, [r3, #96]
  44              		.loc 1 70 3 view .LVU4
  45 000c 1A6E     		ldr	r2, [r3, #96]
ARM GAS  /tmp/ccyLhueT.s 			page 3


  46 000e 02F00102 		and	r2, r2, #1
  47 0012 0092     		str	r2, [sp]
  48              		.loc 1 70 3 view .LVU5
  49 0014 009A     		ldr	r2, [sp]
  50              	.LBE2:
  51              		.loc 1 70 3 view .LVU6
  71:Core/Src/stm32l4xx_hal_msp.c ****   __HAL_RCC_PWR_CLK_ENABLE();
  52              		.loc 1 71 3 view .LVU7
  53              	.LBB3:
  54              		.loc 1 71 3 view .LVU8
  55              		.loc 1 71 3 view .LVU9
  56 0016 9A6D     		ldr	r2, [r3, #88]
  57 0018 42F08052 		orr	r2, r2, #268435456
  58 001c 9A65     		str	r2, [r3, #88]
  59              		.loc 1 71 3 view .LVU10
  60 001e 9B6D     		ldr	r3, [r3, #88]
  61 0020 03F08053 		and	r3, r3, #268435456
  62 0024 0193     		str	r3, [sp, #4]
  63              		.loc 1 71 3 view .LVU11
  64 0026 019B     		ldr	r3, [sp, #4]
  65              	.LBE3:
  66              		.loc 1 71 3 view .LVU12
  72:Core/Src/stm32l4xx_hal_msp.c **** 
  73:Core/Src/stm32l4xx_hal_msp.c ****   /* System interrupt init*/
  74:Core/Src/stm32l4xx_hal_msp.c **** 
  75:Core/Src/stm32l4xx_hal_msp.c ****   /* USER CODE BEGIN MspInit 1 */
  76:Core/Src/stm32l4xx_hal_msp.c **** 
  77:Core/Src/stm32l4xx_hal_msp.c ****   /* USER CODE END MspInit 1 */
  78:Core/Src/stm32l4xx_hal_msp.c **** }
  67              		.loc 1 78 1 is_stmt 0 view .LVU13
  68 0028 02B0     		add	sp, sp, #8
  69              		.cfi_def_cfa_offset 0
  70              		@ sp needed
  71 002a 7047     		bx	lr
  72              	.L4:
  73              		.align	2
  74              	.L3:
  75 002c 00100240 		.word	1073876992
  76              		.cfi_endproc
  77              	.LFE132:
  79              		.section	.text.HAL_UART_MspInit,"ax",%progbits
  80              		.align	1
  81              		.global	HAL_UART_MspInit
  82              		.syntax unified
  83              		.thumb
  84              		.thumb_func
  86              	HAL_UART_MspInit:
  87              	.LVL0:
  88              	.LFB133:
  79:Core/Src/stm32l4xx_hal_msp.c **** 
  80:Core/Src/stm32l4xx_hal_msp.c **** /**
  81:Core/Src/stm32l4xx_hal_msp.c **** * @brief UART MSP Initialization
  82:Core/Src/stm32l4xx_hal_msp.c **** * This function configures the hardware resources used in this example
  83:Core/Src/stm32l4xx_hal_msp.c **** * @param huart: UART handle pointer
  84:Core/Src/stm32l4xx_hal_msp.c **** * @retval None
  85:Core/Src/stm32l4xx_hal_msp.c **** */
  86:Core/Src/stm32l4xx_hal_msp.c **** void HAL_UART_MspInit(UART_HandleTypeDef* huart)
ARM GAS  /tmp/ccyLhueT.s 			page 4


  87:Core/Src/stm32l4xx_hal_msp.c **** {
  89              		.loc 1 87 1 is_stmt 1 view -0
  90              		.cfi_startproc
  91              		@ args = 0, pretend = 0, frame = 184
  92              		@ frame_needed = 0, uses_anonymous_args = 0
  93              		.loc 1 87 1 is_stmt 0 view .LVU15
  94 0000 10B5     		push	{r4, lr}
  95              		.cfi_def_cfa_offset 8
  96              		.cfi_offset 4, -8
  97              		.cfi_offset 14, -4
  98 0002 AEB0     		sub	sp, sp, #184
  99              		.cfi_def_cfa_offset 192
 100 0004 0446     		mov	r4, r0
  88:Core/Src/stm32l4xx_hal_msp.c ****   GPIO_InitTypeDef GPIO_InitStruct = {0};
 101              		.loc 1 88 3 is_stmt 1 view .LVU16
 102              		.loc 1 88 20 is_stmt 0 view .LVU17
 103 0006 0021     		movs	r1, #0
 104 0008 2991     		str	r1, [sp, #164]
 105 000a 2A91     		str	r1, [sp, #168]
 106 000c 2B91     		str	r1, [sp, #172]
 107 000e 2C91     		str	r1, [sp, #176]
 108 0010 2D91     		str	r1, [sp, #180]
  89:Core/Src/stm32l4xx_hal_msp.c ****   RCC_PeriphCLKInitTypeDef PeriphClkInit = {0};
 109              		.loc 1 89 3 is_stmt 1 view .LVU18
 110              		.loc 1 89 28 is_stmt 0 view .LVU19
 111 0012 9422     		movs	r2, #148
 112 0014 04A8     		add	r0, sp, #16
 113              	.LVL1:
 114              		.loc 1 89 28 view .LVU20
 115 0016 FFF7FEFF 		bl	memset
 116              	.LVL2:
  90:Core/Src/stm32l4xx_hal_msp.c ****   if(huart->Instance==LPUART1)
 117              		.loc 1 90 3 is_stmt 1 view .LVU21
 118              		.loc 1 90 11 is_stmt 0 view .LVU22
 119 001a 2368     		ldr	r3, [r4]
 120              		.loc 1 90 5 view .LVU23
 121 001c 304A     		ldr	r2, .L15
 122 001e 9342     		cmp	r3, r2
 123 0020 04D0     		beq	.L11
  91:Core/Src/stm32l4xx_hal_msp.c ****   {
  92:Core/Src/stm32l4xx_hal_msp.c ****   /* USER CODE BEGIN LPUART1_MspInit 0 */
  93:Core/Src/stm32l4xx_hal_msp.c **** 
  94:Core/Src/stm32l4xx_hal_msp.c ****   /* USER CODE END LPUART1_MspInit 0 */
  95:Core/Src/stm32l4xx_hal_msp.c **** 
  96:Core/Src/stm32l4xx_hal_msp.c ****   /** Initializes the peripherals clock
  97:Core/Src/stm32l4xx_hal_msp.c ****   */
  98:Core/Src/stm32l4xx_hal_msp.c ****     PeriphClkInit.PeriphClockSelection = RCC_PERIPHCLK_LPUART1;
  99:Core/Src/stm32l4xx_hal_msp.c ****     PeriphClkInit.Lpuart1ClockSelection = RCC_LPUART1CLKSOURCE_PCLK1;
 100:Core/Src/stm32l4xx_hal_msp.c ****     if (HAL_RCCEx_PeriphCLKConfig(&PeriphClkInit) != HAL_OK)
 101:Core/Src/stm32l4xx_hal_msp.c ****     {
 102:Core/Src/stm32l4xx_hal_msp.c ****       Error_Handler();
 103:Core/Src/stm32l4xx_hal_msp.c ****     }
 104:Core/Src/stm32l4xx_hal_msp.c **** 
 105:Core/Src/stm32l4xx_hal_msp.c ****     /* Peripheral clock enable */
 106:Core/Src/stm32l4xx_hal_msp.c ****     __HAL_RCC_LPUART1_CLK_ENABLE();
 107:Core/Src/stm32l4xx_hal_msp.c **** 
 108:Core/Src/stm32l4xx_hal_msp.c ****     __HAL_RCC_GPIOG_CLK_ENABLE();
ARM GAS  /tmp/ccyLhueT.s 			page 5


 109:Core/Src/stm32l4xx_hal_msp.c ****     HAL_PWREx_EnableVddIO2();
 110:Core/Src/stm32l4xx_hal_msp.c ****     /**LPUART1 GPIO Configuration
 111:Core/Src/stm32l4xx_hal_msp.c ****     PG7     ------> LPUART1_TX
 112:Core/Src/stm32l4xx_hal_msp.c ****     PG8     ------> LPUART1_RX
 113:Core/Src/stm32l4xx_hal_msp.c ****     */
 114:Core/Src/stm32l4xx_hal_msp.c ****     GPIO_InitStruct.Pin = STLINK_TX_Pin|STLINK_RX_Pin;
 115:Core/Src/stm32l4xx_hal_msp.c ****     GPIO_InitStruct.Mode = GPIO_MODE_AF_PP;
 116:Core/Src/stm32l4xx_hal_msp.c ****     GPIO_InitStruct.Pull = GPIO_NOPULL;
 117:Core/Src/stm32l4xx_hal_msp.c ****     GPIO_InitStruct.Speed = GPIO_SPEED_FREQ_VERY_HIGH;
 118:Core/Src/stm32l4xx_hal_msp.c ****     GPIO_InitStruct.Alternate = GPIO_AF8_LPUART1;
 119:Core/Src/stm32l4xx_hal_msp.c ****     HAL_GPIO_Init(GPIOG, &GPIO_InitStruct);
 120:Core/Src/stm32l4xx_hal_msp.c **** 
 121:Core/Src/stm32l4xx_hal_msp.c ****   /* USER CODE BEGIN LPUART1_MspInit 1 */
 122:Core/Src/stm32l4xx_hal_msp.c **** 
 123:Core/Src/stm32l4xx_hal_msp.c ****   /* USER CODE END LPUART1_MspInit 1 */
 124:Core/Src/stm32l4xx_hal_msp.c ****   }
 125:Core/Src/stm32l4xx_hal_msp.c ****   else if(huart->Instance==USART3)
 124              		.loc 1 125 8 is_stmt 1 view .LVU24
 125              		.loc 1 125 10 is_stmt 0 view .LVU25
 126 0022 304A     		ldr	r2, .L15+4
 127 0024 9342     		cmp	r3, r2
 128 0026 2FD0     		beq	.L12
 129              	.L5:
 126:Core/Src/stm32l4xx_hal_msp.c ****   {
 127:Core/Src/stm32l4xx_hal_msp.c ****   /* USER CODE BEGIN USART3_MspInit 0 */
 128:Core/Src/stm32l4xx_hal_msp.c **** 
 129:Core/Src/stm32l4xx_hal_msp.c ****   /* USER CODE END USART3_MspInit 0 */
 130:Core/Src/stm32l4xx_hal_msp.c **** 
 131:Core/Src/stm32l4xx_hal_msp.c ****   /** Initializes the peripherals clock
 132:Core/Src/stm32l4xx_hal_msp.c ****   */
 133:Core/Src/stm32l4xx_hal_msp.c ****     PeriphClkInit.PeriphClockSelection = RCC_PERIPHCLK_USART3;
 134:Core/Src/stm32l4xx_hal_msp.c ****     PeriphClkInit.Usart3ClockSelection = RCC_USART3CLKSOURCE_PCLK1;
 135:Core/Src/stm32l4xx_hal_msp.c ****     if (HAL_RCCEx_PeriphCLKConfig(&PeriphClkInit) != HAL_OK)
 136:Core/Src/stm32l4xx_hal_msp.c ****     {
 137:Core/Src/stm32l4xx_hal_msp.c ****       Error_Handler();
 138:Core/Src/stm32l4xx_hal_msp.c ****     }
 139:Core/Src/stm32l4xx_hal_msp.c **** 
 140:Core/Src/stm32l4xx_hal_msp.c ****     /* Peripheral clock enable */
 141:Core/Src/stm32l4xx_hal_msp.c ****     __HAL_RCC_USART3_CLK_ENABLE();
 142:Core/Src/stm32l4xx_hal_msp.c **** 
 143:Core/Src/stm32l4xx_hal_msp.c ****     __HAL_RCC_GPIOD_CLK_ENABLE();
 144:Core/Src/stm32l4xx_hal_msp.c ****     /**USART3 GPIO Configuration
 145:Core/Src/stm32l4xx_hal_msp.c ****     PD8     ------> USART3_TX
 146:Core/Src/stm32l4xx_hal_msp.c ****     PD9     ------> USART3_RX
 147:Core/Src/stm32l4xx_hal_msp.c ****     */
 148:Core/Src/stm32l4xx_hal_msp.c ****     GPIO_InitStruct.Pin = STLK_RX_Pin|STLK_TX_Pin;
 149:Core/Src/stm32l4xx_hal_msp.c ****     GPIO_InitStruct.Mode = GPIO_MODE_AF_PP;
 150:Core/Src/stm32l4xx_hal_msp.c ****     GPIO_InitStruct.Pull = GPIO_NOPULL;
 151:Core/Src/stm32l4xx_hal_msp.c ****     GPIO_InitStruct.Speed = GPIO_SPEED_FREQ_VERY_HIGH;
 152:Core/Src/stm32l4xx_hal_msp.c ****     GPIO_InitStruct.Alternate = GPIO_AF7_USART3;
 153:Core/Src/stm32l4xx_hal_msp.c ****     HAL_GPIO_Init(GPIOD, &GPIO_InitStruct);
 154:Core/Src/stm32l4xx_hal_msp.c **** 
 155:Core/Src/stm32l4xx_hal_msp.c ****   /* USER CODE BEGIN USART3_MspInit 1 */
 156:Core/Src/stm32l4xx_hal_msp.c **** 
 157:Core/Src/stm32l4xx_hal_msp.c ****   /* USER CODE END USART3_MspInit 1 */
 158:Core/Src/stm32l4xx_hal_msp.c ****   }
 159:Core/Src/stm32l4xx_hal_msp.c **** 
ARM GAS  /tmp/ccyLhueT.s 			page 6


 160:Core/Src/stm32l4xx_hal_msp.c **** }
 130              		.loc 1 160 1 view .LVU26
 131 0028 2EB0     		add	sp, sp, #184
 132              		.cfi_remember_state
 133              		.cfi_def_cfa_offset 8
 134              		@ sp needed
 135 002a 10BD     		pop	{r4, pc}
 136              	.LVL3:
 137              	.L11:
 138              		.cfi_restore_state
  98:Core/Src/stm32l4xx_hal_msp.c ****     PeriphClkInit.Lpuart1ClockSelection = RCC_LPUART1CLKSOURCE_PCLK1;
 139              		.loc 1 98 5 is_stmt 1 view .LVU27
  98:Core/Src/stm32l4xx_hal_msp.c ****     PeriphClkInit.Lpuart1ClockSelection = RCC_LPUART1CLKSOURCE_PCLK1;
 140              		.loc 1 98 40 is_stmt 0 view .LVU28
 141 002c 2023     		movs	r3, #32
 142 002e 0493     		str	r3, [sp, #16]
  99:Core/Src/stm32l4xx_hal_msp.c ****     if (HAL_RCCEx_PeriphCLKConfig(&PeriphClkInit) != HAL_OK)
 143              		.loc 1 99 5 is_stmt 1 view .LVU29
 100:Core/Src/stm32l4xx_hal_msp.c ****     {
 144              		.loc 1 100 5 view .LVU30
 100:Core/Src/stm32l4xx_hal_msp.c ****     {
 145              		.loc 1 100 9 is_stmt 0 view .LVU31
 146 0030 04A8     		add	r0, sp, #16
 147 0032 FFF7FEFF 		bl	HAL_RCCEx_PeriphCLKConfig
 148              	.LVL4:
 100:Core/Src/stm32l4xx_hal_msp.c ****     {
 149              		.loc 1 100 8 discriminator 1 view .LVU32
 150 0036 20BB     		cbnz	r0, .L13
 151              	.L7:
 106:Core/Src/stm32l4xx_hal_msp.c **** 
 152              		.loc 1 106 5 is_stmt 1 view .LVU33
 153              	.LBB4:
 106:Core/Src/stm32l4xx_hal_msp.c **** 
 154              		.loc 1 106 5 view .LVU34
 106:Core/Src/stm32l4xx_hal_msp.c **** 
 155              		.loc 1 106 5 view .LVU35
 156 0038 2B4B     		ldr	r3, .L15+8
 157 003a DA6D     		ldr	r2, [r3, #92]
 158 003c 42F00102 		orr	r2, r2, #1
 159 0040 DA65     		str	r2, [r3, #92]
 106:Core/Src/stm32l4xx_hal_msp.c **** 
 160              		.loc 1 106 5 view .LVU36
 161 0042 DA6D     		ldr	r2, [r3, #92]
 162 0044 02F00102 		and	r2, r2, #1
 163 0048 0092     		str	r2, [sp]
 106:Core/Src/stm32l4xx_hal_msp.c **** 
 164              		.loc 1 106 5 view .LVU37
 165 004a 009A     		ldr	r2, [sp]
 166              	.LBE4:
 106:Core/Src/stm32l4xx_hal_msp.c **** 
 167              		.loc 1 106 5 view .LVU38
 108:Core/Src/stm32l4xx_hal_msp.c ****     HAL_PWREx_EnableVddIO2();
 168              		.loc 1 108 5 view .LVU39
 169              	.LBB5:
 108:Core/Src/stm32l4xx_hal_msp.c ****     HAL_PWREx_EnableVddIO2();
 170              		.loc 1 108 5 view .LVU40
 108:Core/Src/stm32l4xx_hal_msp.c ****     HAL_PWREx_EnableVddIO2();
ARM GAS  /tmp/ccyLhueT.s 			page 7


 171              		.loc 1 108 5 view .LVU41
 172 004c DA6C     		ldr	r2, [r3, #76]
 173 004e 42F04002 		orr	r2, r2, #64
 174 0052 DA64     		str	r2, [r3, #76]
 108:Core/Src/stm32l4xx_hal_msp.c ****     HAL_PWREx_EnableVddIO2();
 175              		.loc 1 108 5 view .LVU42
 176 0054 DB6C     		ldr	r3, [r3, #76]
 177 0056 03F04003 		and	r3, r3, #64
 178 005a 0193     		str	r3, [sp, #4]
 108:Core/Src/stm32l4xx_hal_msp.c ****     HAL_PWREx_EnableVddIO2();
 179              		.loc 1 108 5 view .LVU43
 180 005c 019B     		ldr	r3, [sp, #4]
 181              	.LBE5:
 108:Core/Src/stm32l4xx_hal_msp.c ****     HAL_PWREx_EnableVddIO2();
 182              		.loc 1 108 5 view .LVU44
 109:Core/Src/stm32l4xx_hal_msp.c ****     /**LPUART1 GPIO Configuration
 183              		.loc 1 109 5 view .LVU45
 184 005e FFF7FEFF 		bl	HAL_PWREx_EnableVddIO2
 185              	.LVL5:
 114:Core/Src/stm32l4xx_hal_msp.c ****     GPIO_InitStruct.Mode = GPIO_MODE_AF_PP;
 186              		.loc 1 114 5 view .LVU46
 114:Core/Src/stm32l4xx_hal_msp.c ****     GPIO_InitStruct.Mode = GPIO_MODE_AF_PP;
 187              		.loc 1 114 25 is_stmt 0 view .LVU47
 188 0062 4FF4C073 		mov	r3, #384
 189 0066 2993     		str	r3, [sp, #164]
 115:Core/Src/stm32l4xx_hal_msp.c ****     GPIO_InitStruct.Pull = GPIO_NOPULL;
 190              		.loc 1 115 5 is_stmt 1 view .LVU48
 115:Core/Src/stm32l4xx_hal_msp.c ****     GPIO_InitStruct.Pull = GPIO_NOPULL;
 191              		.loc 1 115 26 is_stmt 0 view .LVU49
 192 0068 0223     		movs	r3, #2
 193 006a 2A93     		str	r3, [sp, #168]
 116:Core/Src/stm32l4xx_hal_msp.c ****     GPIO_InitStruct.Speed = GPIO_SPEED_FREQ_VERY_HIGH;
 194              		.loc 1 116 5 is_stmt 1 view .LVU50
 116:Core/Src/stm32l4xx_hal_msp.c ****     GPIO_InitStruct.Speed = GPIO_SPEED_FREQ_VERY_HIGH;
 195              		.loc 1 116 26 is_stmt 0 view .LVU51
 196 006c 0023     		movs	r3, #0
 197 006e 2B93     		str	r3, [sp, #172]
 117:Core/Src/stm32l4xx_hal_msp.c ****     GPIO_InitStruct.Alternate = GPIO_AF8_LPUART1;
 198              		.loc 1 117 5 is_stmt 1 view .LVU52
 117:Core/Src/stm32l4xx_hal_msp.c ****     GPIO_InitStruct.Alternate = GPIO_AF8_LPUART1;
 199              		.loc 1 117 27 is_stmt 0 view .LVU53
 200 0070 0323     		movs	r3, #3
 201 0072 2C93     		str	r3, [sp, #176]
 118:Core/Src/stm32l4xx_hal_msp.c ****     HAL_GPIO_Init(GPIOG, &GPIO_InitStruct);
 202              		.loc 1 118 5 is_stmt 1 view .LVU54
 118:Core/Src/stm32l4xx_hal_msp.c ****     HAL_GPIO_Init(GPIOG, &GPIO_InitStruct);
 203              		.loc 1 118 31 is_stmt 0 view .LVU55
 204 0074 0823     		movs	r3, #8
 205 0076 2D93     		str	r3, [sp, #180]
 119:Core/Src/stm32l4xx_hal_msp.c **** 
 206              		.loc 1 119 5 is_stmt 1 view .LVU56
 207 0078 29A9     		add	r1, sp, #164
 208 007a 1C48     		ldr	r0, .L15+12
 209 007c FFF7FEFF 		bl	HAL_GPIO_Init
 210              	.LVL6:
 211 0080 D2E7     		b	.L5
 212              	.L13:
ARM GAS  /tmp/ccyLhueT.s 			page 8


 102:Core/Src/stm32l4xx_hal_msp.c ****     }
 213              		.loc 1 102 7 view .LVU57
 214 0082 FFF7FEFF 		bl	Error_Handler
 215              	.LVL7:
 216 0086 D7E7     		b	.L7
 217              	.L12:
 133:Core/Src/stm32l4xx_hal_msp.c ****     PeriphClkInit.Usart3ClockSelection = RCC_USART3CLKSOURCE_PCLK1;
 218              		.loc 1 133 5 view .LVU58
 133:Core/Src/stm32l4xx_hal_msp.c ****     PeriphClkInit.Usart3ClockSelection = RCC_USART3CLKSOURCE_PCLK1;
 219              		.loc 1 133 40 is_stmt 0 view .LVU59
 220 0088 0423     		movs	r3, #4
 221 008a 0493     		str	r3, [sp, #16]
 134:Core/Src/stm32l4xx_hal_msp.c ****     if (HAL_RCCEx_PeriphCLKConfig(&PeriphClkInit) != HAL_OK)
 222              		.loc 1 134 5 is_stmt 1 view .LVU60
 135:Core/Src/stm32l4xx_hal_msp.c ****     {
 223              		.loc 1 135 5 view .LVU61
 135:Core/Src/stm32l4xx_hal_msp.c ****     {
 224              		.loc 1 135 9 is_stmt 0 view .LVU62
 225 008c 04A8     		add	r0, sp, #16
 226 008e FFF7FEFF 		bl	HAL_RCCEx_PeriphCLKConfig
 227              	.LVL8:
 135:Core/Src/stm32l4xx_hal_msp.c ****     {
 228              		.loc 1 135 8 discriminator 1 view .LVU63
 229 0092 10BB     		cbnz	r0, .L14
 230              	.L9:
 141:Core/Src/stm32l4xx_hal_msp.c **** 
 231              		.loc 1 141 5 is_stmt 1 view .LVU64
 232              	.LBB6:
 141:Core/Src/stm32l4xx_hal_msp.c **** 
 233              		.loc 1 141 5 view .LVU65
 141:Core/Src/stm32l4xx_hal_msp.c **** 
 234              		.loc 1 141 5 view .LVU66
 235 0094 144B     		ldr	r3, .L15+8
 236 0096 9A6D     		ldr	r2, [r3, #88]
 237 0098 42F48022 		orr	r2, r2, #262144
 238 009c 9A65     		str	r2, [r3, #88]
 141:Core/Src/stm32l4xx_hal_msp.c **** 
 239              		.loc 1 141 5 view .LVU67
 240 009e 9A6D     		ldr	r2, [r3, #88]
 241 00a0 02F48022 		and	r2, r2, #262144
 242 00a4 0292     		str	r2, [sp, #8]
 141:Core/Src/stm32l4xx_hal_msp.c **** 
 243              		.loc 1 141 5 view .LVU68
 244 00a6 029A     		ldr	r2, [sp, #8]
 245              	.LBE6:
 141:Core/Src/stm32l4xx_hal_msp.c **** 
 246              		.loc 1 141 5 view .LVU69
 143:Core/Src/stm32l4xx_hal_msp.c ****     /**USART3 GPIO Configuration
 247              		.loc 1 143 5 view .LVU70
 248              	.LBB7:
 143:Core/Src/stm32l4xx_hal_msp.c ****     /**USART3 GPIO Configuration
 249              		.loc 1 143 5 view .LVU71
 143:Core/Src/stm32l4xx_hal_msp.c ****     /**USART3 GPIO Configuration
 250              		.loc 1 143 5 view .LVU72
 251 00a8 DA6C     		ldr	r2, [r3, #76]
 252 00aa 42F00802 		orr	r2, r2, #8
 253 00ae DA64     		str	r2, [r3, #76]
ARM GAS  /tmp/ccyLhueT.s 			page 9


 143:Core/Src/stm32l4xx_hal_msp.c ****     /**USART3 GPIO Configuration
 254              		.loc 1 143 5 view .LVU73
 255 00b0 DB6C     		ldr	r3, [r3, #76]
 256 00b2 03F00803 		and	r3, r3, #8
 257 00b6 0393     		str	r3, [sp, #12]
 143:Core/Src/stm32l4xx_hal_msp.c ****     /**USART3 GPIO Configuration
 258              		.loc 1 143 5 view .LVU74
 259 00b8 039B     		ldr	r3, [sp, #12]
 260              	.LBE7:
 143:Core/Src/stm32l4xx_hal_msp.c ****     /**USART3 GPIO Configuration
 261              		.loc 1 143 5 view .LVU75
 148:Core/Src/stm32l4xx_hal_msp.c ****     GPIO_InitStruct.Mode = GPIO_MODE_AF_PP;
 262              		.loc 1 148 5 view .LVU76
 148:Core/Src/stm32l4xx_hal_msp.c ****     GPIO_InitStruct.Mode = GPIO_MODE_AF_PP;
 263              		.loc 1 148 25 is_stmt 0 view .LVU77
 264 00ba 4FF44073 		mov	r3, #768
 265 00be 2993     		str	r3, [sp, #164]
 149:Core/Src/stm32l4xx_hal_msp.c ****     GPIO_InitStruct.Pull = GPIO_NOPULL;
 266              		.loc 1 149 5 is_stmt 1 view .LVU78
 149:Core/Src/stm32l4xx_hal_msp.c ****     GPIO_InitStruct.Pull = GPIO_NOPULL;
 267              		.loc 1 149 26 is_stmt 0 view .LVU79
 268 00c0 0223     		movs	r3, #2
 269 00c2 2A93     		str	r3, [sp, #168]
 150:Core/Src/stm32l4xx_hal_msp.c ****     GPIO_InitStruct.Speed = GPIO_SPEED_FREQ_VERY_HIGH;
 270              		.loc 1 150 5 is_stmt 1 view .LVU80
 150:Core/Src/stm32l4xx_hal_msp.c ****     GPIO_InitStruct.Speed = GPIO_SPEED_FREQ_VERY_HIGH;
 271              		.loc 1 150 26 is_stmt 0 view .LVU81
 272 00c4 0023     		movs	r3, #0
 273 00c6 2B93     		str	r3, [sp, #172]
 151:Core/Src/stm32l4xx_hal_msp.c ****     GPIO_InitStruct.Alternate = GPIO_AF7_USART3;
 274              		.loc 1 151 5 is_stmt 1 view .LVU82
 151:Core/Src/stm32l4xx_hal_msp.c ****     GPIO_InitStruct.Alternate = GPIO_AF7_USART3;
 275              		.loc 1 151 27 is_stmt 0 view .LVU83
 276 00c8 0323     		movs	r3, #3
 277 00ca 2C93     		str	r3, [sp, #176]
 152:Core/Src/stm32l4xx_hal_msp.c ****     HAL_GPIO_Init(GPIOD, &GPIO_InitStruct);
 278              		.loc 1 152 5 is_stmt 1 view .LVU84
 152:Core/Src/stm32l4xx_hal_msp.c ****     HAL_GPIO_Init(GPIOD, &GPIO_InitStruct);
 279              		.loc 1 152 31 is_stmt 0 view .LVU85
 280 00cc 0723     		movs	r3, #7
 281 00ce 2D93     		str	r3, [sp, #180]
 153:Core/Src/stm32l4xx_hal_msp.c **** 
 282              		.loc 1 153 5 is_stmt 1 view .LVU86
 283 00d0 29A9     		add	r1, sp, #164
 284 00d2 0748     		ldr	r0, .L15+16
 285 00d4 FFF7FEFF 		bl	HAL_GPIO_Init
 286              	.LVL9:
 287              		.loc 1 160 1 is_stmt 0 view .LVU87
 288 00d8 A6E7     		b	.L5
 289              	.L14:
 137:Core/Src/stm32l4xx_hal_msp.c ****     }
 290              		.loc 1 137 7 is_stmt 1 view .LVU88
 291 00da FFF7FEFF 		bl	Error_Handler
 292              	.LVL10:
 293 00de D9E7     		b	.L9
 294              	.L16:
 295              		.align	2
ARM GAS  /tmp/ccyLhueT.s 			page 10


 296              	.L15:
 297 00e0 00800040 		.word	1073774592
 298 00e4 00480040 		.word	1073760256
 299 00e8 00100240 		.word	1073876992
 300 00ec 00180048 		.word	1207965696
 301 00f0 000C0048 		.word	1207962624
 302              		.cfi_endproc
 303              	.LFE133:
 305              		.section	.text.HAL_UART_MspDeInit,"ax",%progbits
 306              		.align	1
 307              		.global	HAL_UART_MspDeInit
 308              		.syntax unified
 309              		.thumb
 310              		.thumb_func
 312              	HAL_UART_MspDeInit:
 313              	.LVL11:
 314              	.LFB134:
 161:Core/Src/stm32l4xx_hal_msp.c **** 
 162:Core/Src/stm32l4xx_hal_msp.c **** /**
 163:Core/Src/stm32l4xx_hal_msp.c **** * @brief UART MSP De-Initialization
 164:Core/Src/stm32l4xx_hal_msp.c **** * This function freeze the hardware resources used in this example
 165:Core/Src/stm32l4xx_hal_msp.c **** * @param huart: UART handle pointer
 166:Core/Src/stm32l4xx_hal_msp.c **** * @retval None
 167:Core/Src/stm32l4xx_hal_msp.c **** */
 168:Core/Src/stm32l4xx_hal_msp.c **** void HAL_UART_MspDeInit(UART_HandleTypeDef* huart)
 169:Core/Src/stm32l4xx_hal_msp.c **** {
 315              		.loc 1 169 1 view -0
 316              		.cfi_startproc
 317              		@ args = 0, pretend = 0, frame = 0
 318              		@ frame_needed = 0, uses_anonymous_args = 0
 319              		.loc 1 169 1 is_stmt 0 view .LVU90
 320 0000 08B5     		push	{r3, lr}
 321              		.cfi_def_cfa_offset 8
 322              		.cfi_offset 3, -8
 323              		.cfi_offset 14, -4
 170:Core/Src/stm32l4xx_hal_msp.c ****   if(huart->Instance==LPUART1)
 324              		.loc 1 170 3 is_stmt 1 view .LVU91
 325              		.loc 1 170 11 is_stmt 0 view .LVU92
 326 0002 0368     		ldr	r3, [r0]
 327              		.loc 1 170 5 view .LVU93
 328 0004 0F4A     		ldr	r2, .L23
 329 0006 9342     		cmp	r3, r2
 330 0008 03D0     		beq	.L21
 171:Core/Src/stm32l4xx_hal_msp.c ****   {
 172:Core/Src/stm32l4xx_hal_msp.c ****   /* USER CODE BEGIN LPUART1_MspDeInit 0 */
 173:Core/Src/stm32l4xx_hal_msp.c **** 
 174:Core/Src/stm32l4xx_hal_msp.c ****   /* USER CODE END LPUART1_MspDeInit 0 */
 175:Core/Src/stm32l4xx_hal_msp.c ****     /* Peripheral clock disable */
 176:Core/Src/stm32l4xx_hal_msp.c ****     __HAL_RCC_LPUART1_CLK_DISABLE();
 177:Core/Src/stm32l4xx_hal_msp.c **** 
 178:Core/Src/stm32l4xx_hal_msp.c ****     /**LPUART1 GPIO Configuration
 179:Core/Src/stm32l4xx_hal_msp.c ****     PG7     ------> LPUART1_TX
 180:Core/Src/stm32l4xx_hal_msp.c ****     PG8     ------> LPUART1_RX
 181:Core/Src/stm32l4xx_hal_msp.c ****     */
 182:Core/Src/stm32l4xx_hal_msp.c ****     HAL_GPIO_DeInit(GPIOG, STLINK_TX_Pin|STLINK_RX_Pin);
 183:Core/Src/stm32l4xx_hal_msp.c **** 
 184:Core/Src/stm32l4xx_hal_msp.c ****   /* USER CODE BEGIN LPUART1_MspDeInit 1 */
ARM GAS  /tmp/ccyLhueT.s 			page 11


 185:Core/Src/stm32l4xx_hal_msp.c **** 
 186:Core/Src/stm32l4xx_hal_msp.c ****   /* USER CODE END LPUART1_MspDeInit 1 */
 187:Core/Src/stm32l4xx_hal_msp.c ****   }
 188:Core/Src/stm32l4xx_hal_msp.c ****   else if(huart->Instance==USART3)
 331              		.loc 1 188 8 is_stmt 1 view .LVU94
 332              		.loc 1 188 10 is_stmt 0 view .LVU95
 333 000a 0F4A     		ldr	r2, .L23+4
 334 000c 9342     		cmp	r3, r2
 335 000e 0CD0     		beq	.L22
 336              	.LVL12:
 337              	.L17:
 189:Core/Src/stm32l4xx_hal_msp.c ****   {
 190:Core/Src/stm32l4xx_hal_msp.c ****   /* USER CODE BEGIN USART3_MspDeInit 0 */
 191:Core/Src/stm32l4xx_hal_msp.c **** 
 192:Core/Src/stm32l4xx_hal_msp.c ****   /* USER CODE END USART3_MspDeInit 0 */
 193:Core/Src/stm32l4xx_hal_msp.c ****     /* Peripheral clock disable */
 194:Core/Src/stm32l4xx_hal_msp.c ****     __HAL_RCC_USART3_CLK_DISABLE();
 195:Core/Src/stm32l4xx_hal_msp.c **** 
 196:Core/Src/stm32l4xx_hal_msp.c ****     /**USART3 GPIO Configuration
 197:Core/Src/stm32l4xx_hal_msp.c ****     PD8     ------> USART3_TX
 198:Core/Src/stm32l4xx_hal_msp.c ****     PD9     ------> USART3_RX
 199:Core/Src/stm32l4xx_hal_msp.c ****     */
 200:Core/Src/stm32l4xx_hal_msp.c ****     HAL_GPIO_DeInit(GPIOD, STLK_RX_Pin|STLK_TX_Pin);
 201:Core/Src/stm32l4xx_hal_msp.c **** 
 202:Core/Src/stm32l4xx_hal_msp.c ****   /* USER CODE BEGIN USART3_MspDeInit 1 */
 203:Core/Src/stm32l4xx_hal_msp.c **** 
 204:Core/Src/stm32l4xx_hal_msp.c ****   /* USER CODE END USART3_MspDeInit 1 */
 205:Core/Src/stm32l4xx_hal_msp.c ****   }
 206:Core/Src/stm32l4xx_hal_msp.c **** 
 207:Core/Src/stm32l4xx_hal_msp.c **** }
 338              		.loc 1 207 1 view .LVU96
 339 0010 08BD     		pop	{r3, pc}
 340              	.LVL13:
 341              	.L21:
 176:Core/Src/stm32l4xx_hal_msp.c **** 
 342              		.loc 1 176 5 is_stmt 1 view .LVU97
 343 0012 02F5C832 		add	r2, r2, #102400
 344 0016 D36D     		ldr	r3, [r2, #92]
 345 0018 23F00103 		bic	r3, r3, #1
 346 001c D365     		str	r3, [r2, #92]
 182:Core/Src/stm32l4xx_hal_msp.c **** 
 347              		.loc 1 182 5 view .LVU98
 348 001e 4FF4C071 		mov	r1, #384
 349 0022 0A48     		ldr	r0, .L23+8
 350              	.LVL14:
 182:Core/Src/stm32l4xx_hal_msp.c **** 
 351              		.loc 1 182 5 is_stmt 0 view .LVU99
 352 0024 FFF7FEFF 		bl	HAL_GPIO_DeInit
 353              	.LVL15:
 354 0028 F2E7     		b	.L17
 355              	.LVL16:
 356              	.L22:
 194:Core/Src/stm32l4xx_hal_msp.c **** 
 357              		.loc 1 194 5 is_stmt 1 view .LVU100
 358 002a 02F5E432 		add	r2, r2, #116736
 359 002e 936D     		ldr	r3, [r2, #88]
 360 0030 23F48023 		bic	r3, r3, #262144
ARM GAS  /tmp/ccyLhueT.s 			page 12


 361 0034 9365     		str	r3, [r2, #88]
 200:Core/Src/stm32l4xx_hal_msp.c **** 
 362              		.loc 1 200 5 view .LVU101
 363 0036 4FF44071 		mov	r1, #768
 364 003a 0548     		ldr	r0, .L23+12
 365              	.LVL17:
 200:Core/Src/stm32l4xx_hal_msp.c **** 
 366              		.loc 1 200 5 is_stmt 0 view .LVU102
 367 003c FFF7FEFF 		bl	HAL_GPIO_DeInit
 368              	.LVL18:
 369              		.loc 1 207 1 view .LVU103
 370 0040 E6E7     		b	.L17
 371              	.L24:
 372 0042 00BF     		.align	2
 373              	.L23:
 374 0044 00800040 		.word	1073774592
 375 0048 00480040 		.word	1073760256
 376 004c 00180048 		.word	1207965696
 377 0050 000C0048 		.word	1207962624
 378              		.cfi_endproc
 379              	.LFE134:
 381              		.section	.text.HAL_PCD_MspInit,"ax",%progbits
 382              		.align	1
 383              		.global	HAL_PCD_MspInit
 384              		.syntax unified
 385              		.thumb
 386              		.thumb_func
 388              	HAL_PCD_MspInit:
 389              	.LVL19:
 390              	.LFB135:
 208:Core/Src/stm32l4xx_hal_msp.c **** 
 209:Core/Src/stm32l4xx_hal_msp.c **** /**
 210:Core/Src/stm32l4xx_hal_msp.c **** * @brief PCD MSP Initialization
 211:Core/Src/stm32l4xx_hal_msp.c **** * This function configures the hardware resources used in this example
 212:Core/Src/stm32l4xx_hal_msp.c **** * @param hpcd: PCD handle pointer
 213:Core/Src/stm32l4xx_hal_msp.c **** * @retval None
 214:Core/Src/stm32l4xx_hal_msp.c **** */
 215:Core/Src/stm32l4xx_hal_msp.c **** void HAL_PCD_MspInit(PCD_HandleTypeDef* hpcd)
 216:Core/Src/stm32l4xx_hal_msp.c **** {
 391              		.loc 1 216 1 is_stmt 1 view -0
 392              		.cfi_startproc
 393              		@ args = 0, pretend = 0, frame = 184
 394              		@ frame_needed = 0, uses_anonymous_args = 0
 395              		.loc 1 216 1 is_stmt 0 view .LVU105
 396 0000 70B5     		push	{r4, r5, r6, lr}
 397              		.cfi_def_cfa_offset 16
 398              		.cfi_offset 4, -16
 399              		.cfi_offset 5, -12
 400              		.cfi_offset 6, -8
 401              		.cfi_offset 14, -4
 402 0002 AEB0     		sub	sp, sp, #184
 403              		.cfi_def_cfa_offset 200
 404 0004 0446     		mov	r4, r0
 217:Core/Src/stm32l4xx_hal_msp.c ****   GPIO_InitTypeDef GPIO_InitStruct = {0};
 405              		.loc 1 217 3 is_stmt 1 view .LVU106
 406              		.loc 1 217 20 is_stmt 0 view .LVU107
 407 0006 0021     		movs	r1, #0
ARM GAS  /tmp/ccyLhueT.s 			page 13


 408 0008 2991     		str	r1, [sp, #164]
 409 000a 2A91     		str	r1, [sp, #168]
 410 000c 2B91     		str	r1, [sp, #172]
 411 000e 2C91     		str	r1, [sp, #176]
 412 0010 2D91     		str	r1, [sp, #180]
 218:Core/Src/stm32l4xx_hal_msp.c ****   RCC_PeriphCLKInitTypeDef PeriphClkInit = {0};
 413              		.loc 1 218 3 is_stmt 1 view .LVU108
 414              		.loc 1 218 28 is_stmt 0 view .LVU109
 415 0012 9422     		movs	r2, #148
 416 0014 04A8     		add	r0, sp, #16
 417              	.LVL20:
 418              		.loc 1 218 28 view .LVU110
 419 0016 FFF7FEFF 		bl	memset
 420              	.LVL21:
 219:Core/Src/stm32l4xx_hal_msp.c ****   if(hpcd->Instance==USB_OTG_FS)
 421              		.loc 1 219 3 is_stmt 1 view .LVU111
 422              		.loc 1 219 10 is_stmt 0 view .LVU112
 423 001a 2368     		ldr	r3, [r4]
 424              		.loc 1 219 5 view .LVU113
 425 001c B3F1A04F 		cmp	r3, #1342177280
 426 0020 01D0     		beq	.L30
 427              	.LVL22:
 428              	.L25:
 220:Core/Src/stm32l4xx_hal_msp.c ****   {
 221:Core/Src/stm32l4xx_hal_msp.c ****   /* USER CODE BEGIN USB_OTG_FS_MspInit 0 */
 222:Core/Src/stm32l4xx_hal_msp.c **** 
 223:Core/Src/stm32l4xx_hal_msp.c ****   /* USER CODE END USB_OTG_FS_MspInit 0 */
 224:Core/Src/stm32l4xx_hal_msp.c **** 
 225:Core/Src/stm32l4xx_hal_msp.c ****   /** Initializes the peripherals clock
 226:Core/Src/stm32l4xx_hal_msp.c ****   */
 227:Core/Src/stm32l4xx_hal_msp.c ****     PeriphClkInit.PeriphClockSelection = RCC_PERIPHCLK_USB;
 228:Core/Src/stm32l4xx_hal_msp.c ****     PeriphClkInit.UsbClockSelection = RCC_USBCLKSOURCE_HSI48;
 229:Core/Src/stm32l4xx_hal_msp.c ****     if (HAL_RCCEx_PeriphCLKConfig(&PeriphClkInit) != HAL_OK)
 230:Core/Src/stm32l4xx_hal_msp.c ****     {
 231:Core/Src/stm32l4xx_hal_msp.c ****       Error_Handler();
 232:Core/Src/stm32l4xx_hal_msp.c ****     }
 233:Core/Src/stm32l4xx_hal_msp.c **** 
 234:Core/Src/stm32l4xx_hal_msp.c ****     __HAL_RCC_GPIOA_CLK_ENABLE();
 235:Core/Src/stm32l4xx_hal_msp.c ****     /**USB_OTG_FS GPIO Configuration
 236:Core/Src/stm32l4xx_hal_msp.c ****     PA8     ------> USB_OTG_FS_SOF
 237:Core/Src/stm32l4xx_hal_msp.c ****     PA9     ------> USB_OTG_FS_VBUS
 238:Core/Src/stm32l4xx_hal_msp.c ****     PA10     ------> USB_OTG_FS_ID
 239:Core/Src/stm32l4xx_hal_msp.c ****     PA11     ------> USB_OTG_FS_DM
 240:Core/Src/stm32l4xx_hal_msp.c ****     PA12     ------> USB_OTG_FS_DP
 241:Core/Src/stm32l4xx_hal_msp.c ****     */
 242:Core/Src/stm32l4xx_hal_msp.c ****     GPIO_InitStruct.Pin = USB_SOF_Pin|USB_ID_Pin|USB_DM_Pin|USB_DP_Pin;
 243:Core/Src/stm32l4xx_hal_msp.c ****     GPIO_InitStruct.Mode = GPIO_MODE_AF_PP;
 244:Core/Src/stm32l4xx_hal_msp.c ****     GPIO_InitStruct.Pull = GPIO_NOPULL;
 245:Core/Src/stm32l4xx_hal_msp.c ****     GPIO_InitStruct.Speed = GPIO_SPEED_FREQ_VERY_HIGH;
 246:Core/Src/stm32l4xx_hal_msp.c ****     GPIO_InitStruct.Alternate = GPIO_AF10_OTG_FS;
 247:Core/Src/stm32l4xx_hal_msp.c ****     HAL_GPIO_Init(GPIOA, &GPIO_InitStruct);
 248:Core/Src/stm32l4xx_hal_msp.c **** 
 249:Core/Src/stm32l4xx_hal_msp.c ****     GPIO_InitStruct.Pin = USB_VBUS_Pin;
 250:Core/Src/stm32l4xx_hal_msp.c ****     GPIO_InitStruct.Mode = GPIO_MODE_INPUT;
 251:Core/Src/stm32l4xx_hal_msp.c ****     GPIO_InitStruct.Pull = GPIO_NOPULL;
 252:Core/Src/stm32l4xx_hal_msp.c ****     HAL_GPIO_Init(USB_VBUS_GPIO_Port, &GPIO_InitStruct);
 253:Core/Src/stm32l4xx_hal_msp.c **** 
ARM GAS  /tmp/ccyLhueT.s 			page 14


 254:Core/Src/stm32l4xx_hal_msp.c ****     /* Peripheral clock enable */
 255:Core/Src/stm32l4xx_hal_msp.c ****     __HAL_RCC_USB_OTG_FS_CLK_ENABLE();
 256:Core/Src/stm32l4xx_hal_msp.c **** 
 257:Core/Src/stm32l4xx_hal_msp.c ****     /* Enable VDDUSB */
 258:Core/Src/stm32l4xx_hal_msp.c ****     if(__HAL_RCC_PWR_IS_CLK_DISABLED())
 259:Core/Src/stm32l4xx_hal_msp.c ****     {
 260:Core/Src/stm32l4xx_hal_msp.c ****       __HAL_RCC_PWR_CLK_ENABLE();
 261:Core/Src/stm32l4xx_hal_msp.c ****       HAL_PWREx_EnableVddUSB();
 262:Core/Src/stm32l4xx_hal_msp.c ****       __HAL_RCC_PWR_CLK_DISABLE();
 263:Core/Src/stm32l4xx_hal_msp.c ****     }
 264:Core/Src/stm32l4xx_hal_msp.c ****     else
 265:Core/Src/stm32l4xx_hal_msp.c ****     {
 266:Core/Src/stm32l4xx_hal_msp.c ****       HAL_PWREx_EnableVddUSB();
 267:Core/Src/stm32l4xx_hal_msp.c ****     }
 268:Core/Src/stm32l4xx_hal_msp.c ****   /* USER CODE BEGIN USB_OTG_FS_MspInit 1 */
 269:Core/Src/stm32l4xx_hal_msp.c **** 
 270:Core/Src/stm32l4xx_hal_msp.c ****   /* USER CODE END USB_OTG_FS_MspInit 1 */
 271:Core/Src/stm32l4xx_hal_msp.c **** 
 272:Core/Src/stm32l4xx_hal_msp.c ****   }
 273:Core/Src/stm32l4xx_hal_msp.c **** 
 274:Core/Src/stm32l4xx_hal_msp.c **** }
 429              		.loc 1 274 1 view .LVU114
 430 0022 2EB0     		add	sp, sp, #184
 431              		.cfi_remember_state
 432              		.cfi_def_cfa_offset 16
 433              		@ sp needed
 434 0024 70BD     		pop	{r4, r5, r6, pc}
 435              	.LVL23:
 436              	.L30:
 437              		.cfi_restore_state
 227:Core/Src/stm32l4xx_hal_msp.c ****     PeriphClkInit.UsbClockSelection = RCC_USBCLKSOURCE_HSI48;
 438              		.loc 1 227 5 is_stmt 1 view .LVU115
 227:Core/Src/stm32l4xx_hal_msp.c ****     PeriphClkInit.UsbClockSelection = RCC_USBCLKSOURCE_HSI48;
 439              		.loc 1 227 40 is_stmt 0 view .LVU116
 440 0026 4FF40053 		mov	r3, #8192
 441 002a 0493     		str	r3, [sp, #16]
 228:Core/Src/stm32l4xx_hal_msp.c ****     if (HAL_RCCEx_PeriphCLKConfig(&PeriphClkInit) != HAL_OK)
 442              		.loc 1 228 5 is_stmt 1 view .LVU117
 229:Core/Src/stm32l4xx_hal_msp.c ****     {
 443              		.loc 1 229 5 view .LVU118
 229:Core/Src/stm32l4xx_hal_msp.c ****     {
 444              		.loc 1 229 9 is_stmt 0 view .LVU119
 445 002c 04A8     		add	r0, sp, #16
 446 002e FFF7FEFF 		bl	HAL_RCCEx_PeriphCLKConfig
 447              	.LVL24:
 229:Core/Src/stm32l4xx_hal_msp.c ****     {
 448              		.loc 1 229 8 discriminator 1 view .LVU120
 449 0032 0028     		cmp	r0, #0
 450 0034 41D1     		bne	.L31
 451              	.L27:
 234:Core/Src/stm32l4xx_hal_msp.c ****     /**USB_OTG_FS GPIO Configuration
 452              		.loc 1 234 5 is_stmt 1 view .LVU121
 453              	.LBB8:
 234:Core/Src/stm32l4xx_hal_msp.c ****     /**USB_OTG_FS GPIO Configuration
 454              		.loc 1 234 5 view .LVU122
 234:Core/Src/stm32l4xx_hal_msp.c ****     /**USB_OTG_FS GPIO Configuration
 455              		.loc 1 234 5 view .LVU123
ARM GAS  /tmp/ccyLhueT.s 			page 15


 456 0036 244C     		ldr	r4, .L32
 457              	.LVL25:
 234:Core/Src/stm32l4xx_hal_msp.c ****     /**USB_OTG_FS GPIO Configuration
 458              		.loc 1 234 5 is_stmt 0 view .LVU124
 459 0038 E36C     		ldr	r3, [r4, #76]
 460 003a 43F00103 		orr	r3, r3, #1
 461 003e E364     		str	r3, [r4, #76]
 234:Core/Src/stm32l4xx_hal_msp.c ****     /**USB_OTG_FS GPIO Configuration
 462              		.loc 1 234 5 is_stmt 1 view .LVU125
 463 0040 E36C     		ldr	r3, [r4, #76]
 464 0042 03F00103 		and	r3, r3, #1
 465 0046 0193     		str	r3, [sp, #4]
 234:Core/Src/stm32l4xx_hal_msp.c ****     /**USB_OTG_FS GPIO Configuration
 466              		.loc 1 234 5 view .LVU126
 467 0048 019B     		ldr	r3, [sp, #4]
 468              	.LBE8:
 234:Core/Src/stm32l4xx_hal_msp.c ****     /**USB_OTG_FS GPIO Configuration
 469              		.loc 1 234 5 view .LVU127
 242:Core/Src/stm32l4xx_hal_msp.c ****     GPIO_InitStruct.Mode = GPIO_MODE_AF_PP;
 470              		.loc 1 242 5 view .LVU128
 242:Core/Src/stm32l4xx_hal_msp.c ****     GPIO_InitStruct.Mode = GPIO_MODE_AF_PP;
 471              		.loc 1 242 25 is_stmt 0 view .LVU129
 472 004a 4FF4E853 		mov	r3, #7424
 473 004e 2993     		str	r3, [sp, #164]
 243:Core/Src/stm32l4xx_hal_msp.c ****     GPIO_InitStruct.Pull = GPIO_NOPULL;
 474              		.loc 1 243 5 is_stmt 1 view .LVU130
 243:Core/Src/stm32l4xx_hal_msp.c ****     GPIO_InitStruct.Pull = GPIO_NOPULL;
 475              		.loc 1 243 26 is_stmt 0 view .LVU131
 476 0050 0223     		movs	r3, #2
 477 0052 2A93     		str	r3, [sp, #168]
 244:Core/Src/stm32l4xx_hal_msp.c ****     GPIO_InitStruct.Speed = GPIO_SPEED_FREQ_VERY_HIGH;
 478              		.loc 1 244 5 is_stmt 1 view .LVU132
 244:Core/Src/stm32l4xx_hal_msp.c ****     GPIO_InitStruct.Speed = GPIO_SPEED_FREQ_VERY_HIGH;
 479              		.loc 1 244 26 is_stmt 0 view .LVU133
 480 0054 0025     		movs	r5, #0
 481 0056 2B95     		str	r5, [sp, #172]
 245:Core/Src/stm32l4xx_hal_msp.c ****     GPIO_InitStruct.Alternate = GPIO_AF10_OTG_FS;
 482              		.loc 1 245 5 is_stmt 1 view .LVU134
 245:Core/Src/stm32l4xx_hal_msp.c ****     GPIO_InitStruct.Alternate = GPIO_AF10_OTG_FS;
 483              		.loc 1 245 27 is_stmt 0 view .LVU135
 484 0058 0323     		movs	r3, #3
 485 005a 2C93     		str	r3, [sp, #176]
 246:Core/Src/stm32l4xx_hal_msp.c ****     HAL_GPIO_Init(GPIOA, &GPIO_InitStruct);
 486              		.loc 1 246 5 is_stmt 1 view .LVU136
 246:Core/Src/stm32l4xx_hal_msp.c ****     HAL_GPIO_Init(GPIOA, &GPIO_InitStruct);
 487              		.loc 1 246 31 is_stmt 0 view .LVU137
 488 005c 0A23     		movs	r3, #10
 489 005e 2D93     		str	r3, [sp, #180]
 247:Core/Src/stm32l4xx_hal_msp.c **** 
 490              		.loc 1 247 5 is_stmt 1 view .LVU138
 491 0060 29AE     		add	r6, sp, #164
 492 0062 3146     		mov	r1, r6
 493 0064 4FF09040 		mov	r0, #1207959552
 494 0068 FFF7FEFF 		bl	HAL_GPIO_Init
 495              	.LVL26:
 249:Core/Src/stm32l4xx_hal_msp.c ****     GPIO_InitStruct.Mode = GPIO_MODE_INPUT;
 496              		.loc 1 249 5 view .LVU139
ARM GAS  /tmp/ccyLhueT.s 			page 16


 249:Core/Src/stm32l4xx_hal_msp.c ****     GPIO_InitStruct.Mode = GPIO_MODE_INPUT;
 497              		.loc 1 249 25 is_stmt 0 view .LVU140
 498 006c 4FF40073 		mov	r3, #512
 499 0070 2993     		str	r3, [sp, #164]
 250:Core/Src/stm32l4xx_hal_msp.c ****     GPIO_InitStruct.Pull = GPIO_NOPULL;
 500              		.loc 1 250 5 is_stmt 1 view .LVU141
 250:Core/Src/stm32l4xx_hal_msp.c ****     GPIO_InitStruct.Pull = GPIO_NOPULL;
 501              		.loc 1 250 26 is_stmt 0 view .LVU142
 502 0072 2A95     		str	r5, [sp, #168]
 251:Core/Src/stm32l4xx_hal_msp.c ****     HAL_GPIO_Init(USB_VBUS_GPIO_Port, &GPIO_InitStruct);
 503              		.loc 1 251 5 is_stmt 1 view .LVU143
 251:Core/Src/stm32l4xx_hal_msp.c ****     HAL_GPIO_Init(USB_VBUS_GPIO_Port, &GPIO_InitStruct);
 504              		.loc 1 251 26 is_stmt 0 view .LVU144
 505 0074 2B95     		str	r5, [sp, #172]
 252:Core/Src/stm32l4xx_hal_msp.c **** 
 506              		.loc 1 252 5 is_stmt 1 view .LVU145
 507 0076 3146     		mov	r1, r6
 508 0078 4FF09040 		mov	r0, #1207959552
 509 007c FFF7FEFF 		bl	HAL_GPIO_Init
 510              	.LVL27:
 255:Core/Src/stm32l4xx_hal_msp.c **** 
 511              		.loc 1 255 5 view .LVU146
 512              	.LBB9:
 255:Core/Src/stm32l4xx_hal_msp.c **** 
 513              		.loc 1 255 5 view .LVU147
 255:Core/Src/stm32l4xx_hal_msp.c **** 
 514              		.loc 1 255 5 view .LVU148
 515 0080 E36C     		ldr	r3, [r4, #76]
 516 0082 43F48053 		orr	r3, r3, #4096
 517 0086 E364     		str	r3, [r4, #76]
 255:Core/Src/stm32l4xx_hal_msp.c **** 
 518              		.loc 1 255 5 view .LVU149
 519 0088 E36C     		ldr	r3, [r4, #76]
 520 008a 03F48053 		and	r3, r3, #4096
 521 008e 0293     		str	r3, [sp, #8]
 255:Core/Src/stm32l4xx_hal_msp.c **** 
 522              		.loc 1 255 5 view .LVU150
 523 0090 029B     		ldr	r3, [sp, #8]
 524              	.LBE9:
 255:Core/Src/stm32l4xx_hal_msp.c **** 
 525              		.loc 1 255 5 view .LVU151
 258:Core/Src/stm32l4xx_hal_msp.c ****     {
 526              		.loc 1 258 5 view .LVU152
 258:Core/Src/stm32l4xx_hal_msp.c ****     {
 527              		.loc 1 258 8 is_stmt 0 view .LVU153
 528 0092 A36D     		ldr	r3, [r4, #88]
 258:Core/Src/stm32l4xx_hal_msp.c ****     {
 529              		.loc 1 258 7 view .LVU154
 530 0094 13F0805F 		tst	r3, #268435456
 531 0098 12D1     		bne	.L28
 260:Core/Src/stm32l4xx_hal_msp.c ****       HAL_PWREx_EnableVddUSB();
 532              		.loc 1 260 7 is_stmt 1 view .LVU155
 533              	.LBB10:
 260:Core/Src/stm32l4xx_hal_msp.c ****       HAL_PWREx_EnableVddUSB();
 534              		.loc 1 260 7 view .LVU156
 260:Core/Src/stm32l4xx_hal_msp.c ****       HAL_PWREx_EnableVddUSB();
 535              		.loc 1 260 7 view .LVU157
ARM GAS  /tmp/ccyLhueT.s 			page 17


 536 009a A36D     		ldr	r3, [r4, #88]
 537 009c 43F08053 		orr	r3, r3, #268435456
 538 00a0 A365     		str	r3, [r4, #88]
 260:Core/Src/stm32l4xx_hal_msp.c ****       HAL_PWREx_EnableVddUSB();
 539              		.loc 1 260 7 view .LVU158
 540 00a2 A36D     		ldr	r3, [r4, #88]
 541 00a4 03F08053 		and	r3, r3, #268435456
 542 00a8 0393     		str	r3, [sp, #12]
 260:Core/Src/stm32l4xx_hal_msp.c ****       HAL_PWREx_EnableVddUSB();
 543              		.loc 1 260 7 view .LVU159
 544 00aa 039B     		ldr	r3, [sp, #12]
 545              	.LBE10:
 260:Core/Src/stm32l4xx_hal_msp.c ****       HAL_PWREx_EnableVddUSB();
 546              		.loc 1 260 7 view .LVU160
 261:Core/Src/stm32l4xx_hal_msp.c ****       __HAL_RCC_PWR_CLK_DISABLE();
 547              		.loc 1 261 7 view .LVU161
 548 00ac FFF7FEFF 		bl	HAL_PWREx_EnableVddUSB
 549              	.LVL28:
 262:Core/Src/stm32l4xx_hal_msp.c ****     }
 550              		.loc 1 262 7 view .LVU162
 551 00b0 A36D     		ldr	r3, [r4, #88]
 552 00b2 23F08053 		bic	r3, r3, #268435456
 553 00b6 A365     		str	r3, [r4, #88]
 554 00b8 B3E7     		b	.L25
 555              	.LVL29:
 556              	.L31:
 231:Core/Src/stm32l4xx_hal_msp.c ****     }
 557              		.loc 1 231 7 view .LVU163
 558 00ba FFF7FEFF 		bl	Error_Handler
 559              	.LVL30:
 560 00be BAE7     		b	.L27
 561              	.LVL31:
 562              	.L28:
 266:Core/Src/stm32l4xx_hal_msp.c ****     }
 563              		.loc 1 266 7 view .LVU164
 564 00c0 FFF7FEFF 		bl	HAL_PWREx_EnableVddUSB
 565              	.LVL32:
 566              		.loc 1 274 1 is_stmt 0 view .LVU165
 567 00c4 ADE7     		b	.L25
 568              	.L33:
 569 00c6 00BF     		.align	2
 570              	.L32:
 571 00c8 00100240 		.word	1073876992
 572              		.cfi_endproc
 573              	.LFE135:
 575              		.section	.text.HAL_PCD_MspDeInit,"ax",%progbits
 576              		.align	1
 577              		.global	HAL_PCD_MspDeInit
 578              		.syntax unified
 579              		.thumb
 580              		.thumb_func
 582              	HAL_PCD_MspDeInit:
 583              	.LVL33:
 584              	.LFB136:
 275:Core/Src/stm32l4xx_hal_msp.c **** 
 276:Core/Src/stm32l4xx_hal_msp.c **** /**
 277:Core/Src/stm32l4xx_hal_msp.c **** * @brief PCD MSP De-Initialization
ARM GAS  /tmp/ccyLhueT.s 			page 18


 278:Core/Src/stm32l4xx_hal_msp.c **** * This function freeze the hardware resources used in this example
 279:Core/Src/stm32l4xx_hal_msp.c **** * @param hpcd: PCD handle pointer
 280:Core/Src/stm32l4xx_hal_msp.c **** * @retval None
 281:Core/Src/stm32l4xx_hal_msp.c **** */
 282:Core/Src/stm32l4xx_hal_msp.c **** void HAL_PCD_MspDeInit(PCD_HandleTypeDef* hpcd)
 283:Core/Src/stm32l4xx_hal_msp.c **** {
 585              		.loc 1 283 1 is_stmt 1 view -0
 586              		.cfi_startproc
 587              		@ args = 0, pretend = 0, frame = 8
 588              		@ frame_needed = 0, uses_anonymous_args = 0
 284:Core/Src/stm32l4xx_hal_msp.c ****   if(hpcd->Instance==USB_OTG_FS)
 589              		.loc 1 284 3 view .LVU167
 590              		.loc 1 284 10 is_stmt 0 view .LVU168
 591 0000 0368     		ldr	r3, [r0]
 592              		.loc 1 284 5 view .LVU169
 593 0002 B3F1A04F 		cmp	r3, #1342177280
 594 0006 00D0     		beq	.L41
 595 0008 7047     		bx	lr
 596              	.L41:
 283:Core/Src/stm32l4xx_hal_msp.c ****   if(hpcd->Instance==USB_OTG_FS)
 597              		.loc 1 283 1 view .LVU170
 598 000a 10B5     		push	{r4, lr}
 599              		.cfi_def_cfa_offset 8
 600              		.cfi_offset 4, -8
 601              		.cfi_offset 14, -4
 602 000c 82B0     		sub	sp, sp, #8
 603              		.cfi_def_cfa_offset 16
 285:Core/Src/stm32l4xx_hal_msp.c ****   {
 286:Core/Src/stm32l4xx_hal_msp.c ****   /* USER CODE BEGIN USB_OTG_FS_MspDeInit 0 */
 287:Core/Src/stm32l4xx_hal_msp.c **** 
 288:Core/Src/stm32l4xx_hal_msp.c ****   /* USER CODE END USB_OTG_FS_MspDeInit 0 */
 289:Core/Src/stm32l4xx_hal_msp.c ****     /* Peripheral clock disable */
 290:Core/Src/stm32l4xx_hal_msp.c ****     __HAL_RCC_USB_OTG_FS_CLK_DISABLE();
 604              		.loc 1 290 5 is_stmt 1 view .LVU171
 605 000e 114C     		ldr	r4, .L42
 606 0010 E36C     		ldr	r3, [r4, #76]
 607 0012 23F48053 		bic	r3, r3, #4096
 608 0016 E364     		str	r3, [r4, #76]
 609              		.loc 1 290 39 view .LVU172
 291:Core/Src/stm32l4xx_hal_msp.c **** 
 292:Core/Src/stm32l4xx_hal_msp.c ****     /**USB_OTG_FS GPIO Configuration
 293:Core/Src/stm32l4xx_hal_msp.c ****     PA8     ------> USB_OTG_FS_SOF
 294:Core/Src/stm32l4xx_hal_msp.c ****     PA9     ------> USB_OTG_FS_VBUS
 295:Core/Src/stm32l4xx_hal_msp.c ****     PA10     ------> USB_OTG_FS_ID
 296:Core/Src/stm32l4xx_hal_msp.c ****     PA11     ------> USB_OTG_FS_DM
 297:Core/Src/stm32l4xx_hal_msp.c ****     PA12     ------> USB_OTG_FS_DP
 298:Core/Src/stm32l4xx_hal_msp.c ****     */
 299:Core/Src/stm32l4xx_hal_msp.c ****     HAL_GPIO_DeInit(GPIOA, USB_SOF_Pin|USB_VBUS_Pin|USB_ID_Pin|USB_DM_Pin
 610              		.loc 1 299 5 view .LVU173
 611 0018 4FF4F851 		mov	r1, #7936
 612 001c 4FF09040 		mov	r0, #1207959552
 613              	.LVL34:
 614              		.loc 1 299 5 is_stmt 0 view .LVU174
 615 0020 FFF7FEFF 		bl	HAL_GPIO_DeInit
 616              	.LVL35:
 300:Core/Src/stm32l4xx_hal_msp.c ****                           |USB_DP_Pin);
 301:Core/Src/stm32l4xx_hal_msp.c **** 
ARM GAS  /tmp/ccyLhueT.s 			page 19


 302:Core/Src/stm32l4xx_hal_msp.c ****     /* Disable VDDUSB */
 303:Core/Src/stm32l4xx_hal_msp.c ****     if(__HAL_RCC_PWR_IS_CLK_DISABLED())
 617              		.loc 1 303 5 is_stmt 1 view .LVU175
 618              		.loc 1 303 8 is_stmt 0 view .LVU176
 619 0024 A36D     		ldr	r3, [r4, #88]
 620              		.loc 1 303 7 view .LVU177
 621 0026 13F0805F 		tst	r3, #268435456
 622 002a 10D1     		bne	.L36
 304:Core/Src/stm32l4xx_hal_msp.c ****     {
 305:Core/Src/stm32l4xx_hal_msp.c ****       __HAL_RCC_PWR_CLK_ENABLE();
 623              		.loc 1 305 7 is_stmt 1 view .LVU178
 624              	.LBB11:
 625              		.loc 1 305 7 view .LVU179
 626              		.loc 1 305 7 view .LVU180
 627 002c A36D     		ldr	r3, [r4, #88]
 628 002e 43F08053 		orr	r3, r3, #268435456
 629 0032 A365     		str	r3, [r4, #88]
 630              		.loc 1 305 7 view .LVU181
 631 0034 A36D     		ldr	r3, [r4, #88]
 632 0036 03F08053 		and	r3, r3, #268435456
 633 003a 0193     		str	r3, [sp, #4]
 634              		.loc 1 305 7 view .LVU182
 635 003c 019B     		ldr	r3, [sp, #4]
 636              	.LBE11:
 637              		.loc 1 305 7 view .LVU183
 306:Core/Src/stm32l4xx_hal_msp.c ****       HAL_PWREx_DisableVddUSB();
 638              		.loc 1 306 7 view .LVU184
 639 003e FFF7FEFF 		bl	HAL_PWREx_DisableVddUSB
 640              	.LVL36:
 307:Core/Src/stm32l4xx_hal_msp.c ****       __HAL_RCC_PWR_CLK_DISABLE();
 641              		.loc 1 307 7 view .LVU185
 642 0042 A36D     		ldr	r3, [r4, #88]
 643 0044 23F08053 		bic	r3, r3, #268435456
 644 0048 A365     		str	r3, [r4, #88]
 645              	.L34:
 308:Core/Src/stm32l4xx_hal_msp.c ****     }
 309:Core/Src/stm32l4xx_hal_msp.c ****     else
 310:Core/Src/stm32l4xx_hal_msp.c ****     {
 311:Core/Src/stm32l4xx_hal_msp.c ****       HAL_PWREx_DisableVddUSB();
 312:Core/Src/stm32l4xx_hal_msp.c ****     }
 313:Core/Src/stm32l4xx_hal_msp.c ****   /* USER CODE BEGIN USB_OTG_FS_MspDeInit 1 */
 314:Core/Src/stm32l4xx_hal_msp.c **** 
 315:Core/Src/stm32l4xx_hal_msp.c ****   /* USER CODE END USB_OTG_FS_MspDeInit 1 */
 316:Core/Src/stm32l4xx_hal_msp.c ****   }
 317:Core/Src/stm32l4xx_hal_msp.c **** 
 318:Core/Src/stm32l4xx_hal_msp.c **** }
 646              		.loc 1 318 1 is_stmt 0 view .LVU186
 647 004a 02B0     		add	sp, sp, #8
 648              		.cfi_remember_state
 649              		.cfi_def_cfa_offset 8
 650              		@ sp needed
 651 004c 10BD     		pop	{r4, pc}
 652              	.L36:
 653              		.cfi_restore_state
 311:Core/Src/stm32l4xx_hal_msp.c ****     }
 654              		.loc 1 311 7 is_stmt 1 view .LVU187
 655 004e FFF7FEFF 		bl	HAL_PWREx_DisableVddUSB
ARM GAS  /tmp/ccyLhueT.s 			page 20


 656              	.LVL37:
 657              		.loc 1 318 1 is_stmt 0 view .LVU188
 658 0052 FAE7     		b	.L34
 659              	.L43:
 660              		.align	2
 661              	.L42:
 662 0054 00100240 		.word	1073876992
 663              		.cfi_endproc
 664              	.LFE136:
 666              		.text
 667              	.Letext0:
 668              		.file 2 "/usr/arm-none-eabi/include/machine/_default_types.h"
 669              		.file 3 "/usr/arm-none-eabi/include/sys/_stdint.h"
 670              		.file 4 "Drivers/CMSIS/Device/ST/STM32L4xx/Include/stm32l4r5xx.h"
 671              		.file 5 "Drivers/STM32L4xx_HAL_Driver/Inc/stm32l4xx_hal_def.h"
 672              		.file 6 "Drivers/STM32L4xx_HAL_Driver/Inc/stm32l4xx_hal_rcc_ex.h"
 673              		.file 7 "Drivers/STM32L4xx_HAL_Driver/Inc/stm32l4xx_hal_gpio.h"
 674              		.file 8 "Drivers/STM32L4xx_HAL_Driver/Inc/stm32l4xx_hal_dma.h"
 675              		.file 9 "Drivers/STM32L4xx_HAL_Driver/Inc/stm32l4xx_ll_usb.h"
 676              		.file 10 "Drivers/STM32L4xx_HAL_Driver/Inc/stm32l4xx_hal_pcd.h"
 677              		.file 11 "Drivers/STM32L4xx_HAL_Driver/Inc/stm32l4xx_hal_uart.h"
 678              		.file 12 "Drivers/STM32L4xx_HAL_Driver/Inc/stm32l4xx_hal_pwr_ex.h"
 679              		.file 13 "Core/Inc/main.h"
 680              		.file 14 "<built-in>"
ARM GAS  /tmp/ccyLhueT.s 			page 21


DEFINED SYMBOLS
                            *ABS*:00000000 stm32l4xx_hal_msp.c
     /tmp/ccyLhueT.s:21     .text.HAL_MspInit:00000000 $t
     /tmp/ccyLhueT.s:27     .text.HAL_MspInit:00000000 HAL_MspInit
     /tmp/ccyLhueT.s:75     .text.HAL_MspInit:0000002c $d
     /tmp/ccyLhueT.s:80     .text.HAL_UART_MspInit:00000000 $t
     /tmp/ccyLhueT.s:86     .text.HAL_UART_MspInit:00000000 HAL_UART_MspInit
     /tmp/ccyLhueT.s:297    .text.HAL_UART_MspInit:000000e0 $d
     /tmp/ccyLhueT.s:306    .text.HAL_UART_MspDeInit:00000000 $t
     /tmp/ccyLhueT.s:312    .text.HAL_UART_MspDeInit:00000000 HAL_UART_MspDeInit
     /tmp/ccyLhueT.s:374    .text.HAL_UART_MspDeInit:00000044 $d
     /tmp/ccyLhueT.s:382    .text.HAL_PCD_MspInit:00000000 $t
     /tmp/ccyLhueT.s:388    .text.HAL_PCD_MspInit:00000000 HAL_PCD_MspInit
     /tmp/ccyLhueT.s:571    .text.HAL_PCD_MspInit:000000c8 $d
     /tmp/ccyLhueT.s:576    .text.HAL_PCD_MspDeInit:00000000 $t
     /tmp/ccyLhueT.s:582    .text.HAL_PCD_MspDeInit:00000000 HAL_PCD_MspDeInit
     /tmp/ccyLhueT.s:662    .text.HAL_PCD_MspDeInit:00000054 $d

UNDEFINED SYMBOLS
memset
HAL_RCCEx_PeriphCLKConfig
HAL_PWREx_EnableVddIO2
HAL_GPIO_Init
Error_Handler
HAL_GPIO_DeInit
HAL_PWREx_EnableVddUSB
HAL_PWREx_DisableVddUSB
